ARM GAS  C:\Users\Bagger\AppData\Local\Temp\ccR0vEGJ.s 			page 1


   1              		.cpu cortex-m0
   2              		.fpu softvfp
   3              		.eabi_attribute 20, 1
   4              		.eabi_attribute 21, 1
   5              		.eabi_attribute 23, 3
   6              		.eabi_attribute 24, 1
   7              		.eabi_attribute 25, 1
   8              		.eabi_attribute 26, 1
   9              		.eabi_attribute 30, 6
  10              		.eabi_attribute 34, 0
  11              		.eabi_attribute 18, 4
  12              		.code	16
  13              		.file	"main.c"
  14              		.text
  15              	.Ltext0:
  16              		.cfi_sections	.debug_frame
  17              		.section	.text.main,"ax",%progbits
  18              		.align	2
  19              		.global	main
  20              		.code	16
  21              		.thumb_func
  22              		.type	main, %function
  23              	main:
  24              	.LFB33:
  25              		.file 1 ".\\main.c"
   1:.\main.c      **** /* ========================================
   2:.\main.c      ****  * 
   3:.\main.c      ****  * AutoGreen - PSoC_Master
   4:.\main.c      ****  * main.c
   5:.\main.c      ****  * (Description)
   6:.\main.c      ****  * PRJ3 - GRP9
   7:.\main.c      ****  * 2015-04-15
   8:.\main.c      ****  *
   9:.\main.c      ****  * ========================================
  10:.\main.c      **** */
  11:.\main.c      **** 
  12:.\main.c      **** // Include files
  13:.\main.c      **** #include <project.h>
  14:.\main.c      **** #include "DSP_Class.h"
  15:.\main.c      **** #include "I2C_Class.h"
  16:.\main.c      **** #include "PSoC_Master_Class.h"
  17:.\main.c      **** #include "UART_Class.h"
  18:.\main.c      **** 
  19:.\main.c      **** //----------main0----------
  20:.\main.c      **** int main(){
  26              		.loc 1 20 0
  27              		.cfi_startproc
  28 0000 80B5     		push	{r7, lr}
  29              		.cfi_def_cfa_offset 8
  30              		.cfi_offset 7, -8
  31              		.cfi_offset 14, -4
  32 0002 00AF     		add	r7, sp, #0
  33              		.cfi_def_cfa_register 7
  21:.\main.c      ****     // Init
  22:.\main.c      ****     initDSP();
  34              		.loc 1 22 0
  35 0004 FFF7FEFF 		bl	initDSP
ARM GAS  C:\Users\Bagger\AppData\Local\Temp\ccR0vEGJ.s 			page 2


  23:.\main.c      ****     initI2C();
  36              		.loc 1 23 0
  37 0008 FFF7FEFF 		bl	initI2C
  24:.\main.c      ****     initPSoC_Master();
  38              		.loc 1 24 0
  39 000c FFF7FEFF 		bl	initPSoC_Master
  25:.\main.c      ****     initUART();
  40              		.loc 1 25 0
  41 0010 FFF7FEFF 		bl	initUART
  26:.\main.c      ****     CyGlobalIntEnable;      // Global interrupt enable
  42              		.loc 1 26 0
  43              	@ 26 ".\main.c" 1
  44 0014 62B6     		CPSIE   i
  45              	@ 0 "" 2
  46              		.code	16
  47              	.L2:
  27:.\main.c      **** 
  28:.\main.c      ****     for(;;){
  29:.\main.c      ****         uartIntHandler();   // Check if UART flag has been set
  48              		.loc 1 29 0 discriminator 1
  49 0016 FFF7FEFF 		bl	uartIntHandler
  30:.\main.c      ****         timerIntHandler();  // Check if Timer flag has been set
  50              		.loc 1 30 0 discriminator 1
  51 001a FFF7FEFF 		bl	timerIntHandler
  31:.\main.c      ****     }
  52              		.loc 1 31 0 discriminator 1
  53 001e FAE7     		b	.L2
  54              		.cfi_endproc
  55              	.LFE33:
  56              		.size	main, .-main
  57              		.text
  58              	.Letext0:
  59              		.section	.debug_info,"",%progbits
  60              	.Ldebug_info0:
  61 0000 99000000 		.4byte	0x99
  62 0004 0400     		.2byte	0x4
  63 0006 00000000 		.4byte	.Ldebug_abbrev0
  64 000a 04       		.byte	0x4
  65 000b 01       		.uleb128 0x1
  66 000c 49000000 		.4byte	.LASF13
  67 0010 01       		.byte	0x1
  68 0011 4F010000 		.4byte	.LASF14
  69 0015 F2000000 		.4byte	.LASF15
  70 0019 00000000 		.4byte	.Ldebug_ranges0+0
  71 001d 00000000 		.4byte	0
  72 0021 00000000 		.4byte	.Ldebug_line0
  73 0025 02       		.uleb128 0x2
  74 0026 01       		.byte	0x1
  75 0027 06       		.byte	0x6
  76 0028 3D010000 		.4byte	.LASF0
  77 002c 02       		.uleb128 0x2
  78 002d 01       		.byte	0x1
  79 002e 08       		.byte	0x8
  80 002f C5000000 		.4byte	.LASF1
  81 0033 02       		.uleb128 0x2
  82 0034 02       		.byte	0x2
  83 0035 05       		.byte	0x5
ARM GAS  C:\Users\Bagger\AppData\Local\Temp\ccR0vEGJ.s 			page 3


  84 0036 E1000000 		.4byte	.LASF2
  85 003a 02       		.uleb128 0x2
  86 003b 02       		.byte	0x2
  87 003c 07       		.byte	0x7
  88 003d 2A010000 		.4byte	.LASF3
  89 0041 02       		.uleb128 0x2
  90 0042 04       		.byte	0x4
  91 0043 05       		.byte	0x5
  92 0044 D8000000 		.4byte	.LASF4
  93 0048 02       		.uleb128 0x2
  94 0049 04       		.byte	0x4
  95 004a 07       		.byte	0x7
  96 004b 20000000 		.4byte	.LASF5
  97 004f 02       		.uleb128 0x2
  98 0050 08       		.byte	0x8
  99 0051 05       		.byte	0x5
 100 0052 00000000 		.4byte	.LASF6
 101 0056 02       		.uleb128 0x2
 102 0057 08       		.byte	0x8
 103 0058 07       		.byte	0x7
 104 0059 32000000 		.4byte	.LASF7
 105 005d 03       		.uleb128 0x3
 106 005e 04       		.byte	0x4
 107 005f 05       		.byte	0x5
 108 0060 696E7400 		.ascii	"int\000"
 109 0064 02       		.uleb128 0x2
 110 0065 04       		.byte	0x4
 111 0066 07       		.byte	0x7
 112 0067 0E000000 		.4byte	.LASF8
 113 006b 02       		.uleb128 0x2
 114 006c 04       		.byte	0x4
 115 006d 04       		.byte	0x4
 116 006e 49010000 		.4byte	.LASF9
 117 0072 02       		.uleb128 0x2
 118 0073 08       		.byte	0x8
 119 0074 04       		.byte	0x4
 120 0075 EB000000 		.4byte	.LASF10
 121 0079 02       		.uleb128 0x2
 122 007a 01       		.byte	0x1
 123 007b 08       		.byte	0x8
 124 007c D3000000 		.4byte	.LASF11
 125 0080 02       		.uleb128 0x2
 126 0081 04       		.byte	0x4
 127 0082 07       		.byte	0x7
 128 0083 58010000 		.4byte	.LASF12
 129 0087 04       		.uleb128 0x4
 130 0088 1B000000 		.4byte	.LASF16
 131 008c 01       		.byte	0x1
 132 008d 14       		.byte	0x14
 133 008e 5D000000 		.4byte	0x5d
 134 0092 00000000 		.4byte	.LFB33
 135 0096 20000000 		.4byte	.LFE33-.LFB33
 136 009a 01       		.uleb128 0x1
 137 009b 9C       		.byte	0x9c
 138 009c 00       		.byte	0
 139              		.section	.debug_abbrev,"",%progbits
 140              	.Ldebug_abbrev0:
ARM GAS  C:\Users\Bagger\AppData\Local\Temp\ccR0vEGJ.s 			page 4


 141 0000 01       		.uleb128 0x1
 142 0001 11       		.uleb128 0x11
 143 0002 01       		.byte	0x1
 144 0003 25       		.uleb128 0x25
 145 0004 0E       		.uleb128 0xe
 146 0005 13       		.uleb128 0x13
 147 0006 0B       		.uleb128 0xb
 148 0007 03       		.uleb128 0x3
 149 0008 0E       		.uleb128 0xe
 150 0009 1B       		.uleb128 0x1b
 151 000a 0E       		.uleb128 0xe
 152 000b 55       		.uleb128 0x55
 153 000c 17       		.uleb128 0x17
 154 000d 11       		.uleb128 0x11
 155 000e 01       		.uleb128 0x1
 156 000f 10       		.uleb128 0x10
 157 0010 17       		.uleb128 0x17
 158 0011 00       		.byte	0
 159 0012 00       		.byte	0
 160 0013 02       		.uleb128 0x2
 161 0014 24       		.uleb128 0x24
 162 0015 00       		.byte	0
 163 0016 0B       		.uleb128 0xb
 164 0017 0B       		.uleb128 0xb
 165 0018 3E       		.uleb128 0x3e
 166 0019 0B       		.uleb128 0xb
 167 001a 03       		.uleb128 0x3
 168 001b 0E       		.uleb128 0xe
 169 001c 00       		.byte	0
 170 001d 00       		.byte	0
 171 001e 03       		.uleb128 0x3
 172 001f 24       		.uleb128 0x24
 173 0020 00       		.byte	0
 174 0021 0B       		.uleb128 0xb
 175 0022 0B       		.uleb128 0xb
 176 0023 3E       		.uleb128 0x3e
 177 0024 0B       		.uleb128 0xb
 178 0025 03       		.uleb128 0x3
 179 0026 08       		.uleb128 0x8
 180 0027 00       		.byte	0
 181 0028 00       		.byte	0
 182 0029 04       		.uleb128 0x4
 183 002a 2E       		.uleb128 0x2e
 184 002b 00       		.byte	0
 185 002c 3F       		.uleb128 0x3f
 186 002d 19       		.uleb128 0x19
 187 002e 03       		.uleb128 0x3
 188 002f 0E       		.uleb128 0xe
 189 0030 3A       		.uleb128 0x3a
 190 0031 0B       		.uleb128 0xb
 191 0032 3B       		.uleb128 0x3b
 192 0033 0B       		.uleb128 0xb
 193 0034 49       		.uleb128 0x49
 194 0035 13       		.uleb128 0x13
 195 0036 11       		.uleb128 0x11
 196 0037 01       		.uleb128 0x1
 197 0038 12       		.uleb128 0x12
ARM GAS  C:\Users\Bagger\AppData\Local\Temp\ccR0vEGJ.s 			page 5


 198 0039 06       		.uleb128 0x6
 199 003a 40       		.uleb128 0x40
 200 003b 18       		.uleb128 0x18
 201 003c 9642     		.uleb128 0x2116
 202 003e 19       		.uleb128 0x19
 203 003f 00       		.byte	0
 204 0040 00       		.byte	0
 205 0041 00       		.byte	0
 206              		.section	.debug_aranges,"",%progbits
 207 0000 1C000000 		.4byte	0x1c
 208 0004 0200     		.2byte	0x2
 209 0006 00000000 		.4byte	.Ldebug_info0
 210 000a 04       		.byte	0x4
 211 000b 00       		.byte	0
 212 000c 0000     		.2byte	0
 213 000e 0000     		.2byte	0
 214 0010 00000000 		.4byte	.LFB33
 215 0014 20000000 		.4byte	.LFE33-.LFB33
 216 0018 00000000 		.4byte	0
 217 001c 00000000 		.4byte	0
 218              		.section	.debug_ranges,"",%progbits
 219              	.Ldebug_ranges0:
 220 0000 00000000 		.4byte	.LFB33
 221 0004 20000000 		.4byte	.LFE33
 222 0008 00000000 		.4byte	0
 223 000c 00000000 		.4byte	0
 224              		.section	.debug_line,"",%progbits
 225              	.Ldebug_line0:
 226 0000 48000000 		.section	.debug_str,"MS",%progbits,1
 226      02001F00 
 226      00000201 
 226      FB0E0D00 
 226      01010101 
 227              	.LASF6:
 228 0000 6C6F6E67 		.ascii	"long long int\000"
 228      206C6F6E 
 228      6720696E 
 228      7400
 229              	.LASF8:
 230 000e 756E7369 		.ascii	"unsigned int\000"
 230      676E6564 
 230      20696E74 
 230      00
 231              	.LASF16:
 232 001b 6D61696E 		.ascii	"main\000"
 232      00
 233              	.LASF5:
 234 0020 6C6F6E67 		.ascii	"long unsigned int\000"
 234      20756E73 
 234      69676E65 
 234      6420696E 
 234      7400
 235              	.LASF7:
 236 0032 6C6F6E67 		.ascii	"long long unsigned int\000"
 236      206C6F6E 
 236      6720756E 
 236      7369676E 
ARM GAS  C:\Users\Bagger\AppData\Local\Temp\ccR0vEGJ.s 			page 6


 236      65642069 
 237              	.LASF13:
 238 0049 474E5520 		.ascii	"GNU C 4.8.4 20140526 (release) [ARM/embedded-4_8-br"
 238      4320342E 
 238      382E3420 
 238      32303134 
 238      30353236 
 239 007c 616E6368 		.ascii	"anch revision 211358] -mcpu=cortex-m0 -mthumb -g -O"
 239      20726576 
 239      6973696F 
 239      6E203231 
 239      31333538 
 240 00af 30202D66 		.ascii	"0 -ffunction-sections\000"
 240      66756E63 
 240      74696F6E 
 240      2D736563 
 240      74696F6E 
 241              	.LASF1:
 242 00c5 756E7369 		.ascii	"unsigned char\000"
 242      676E6564 
 242      20636861 
 242      7200
 243              	.LASF11:
 244 00d3 63686172 		.ascii	"char\000"
 244      00
 245              	.LASF4:
 246 00d8 6C6F6E67 		.ascii	"long int\000"
 246      20696E74 
 246      00
 247              	.LASF2:
 248 00e1 73686F72 		.ascii	"short int\000"
 248      7420696E 
 248      7400
 249              	.LASF10:
 250 00eb 646F7562 		.ascii	"double\000"
 250      6C6500
 251              	.LASF15:
 252 00f2 463A5C44 		.ascii	"F:\\Dropbox\\PRJ3\\LaTeX\\src\\PSoC_Master\\PSoC_Ma"
 252      726F7062 
 252      6F785C50 
 252      524A335C 
 252      4C615465 
 253 011f 73746572 		.ascii	"ster.cydsn\000"
 253      2E637964 
 253      736E00
 254              	.LASF3:
 255 012a 73686F72 		.ascii	"short unsigned int\000"
 255      7420756E 
 255      7369676E 
 255      65642069 
 255      6E7400
 256              	.LASF0:
 257 013d 7369676E 		.ascii	"signed char\000"
 257      65642063 
 257      68617200 
 258              	.LASF9:
 259 0149 666C6F61 		.ascii	"float\000"
ARM GAS  C:\Users\Bagger\AppData\Local\Temp\ccR0vEGJ.s 			page 7


 259      7400
 260              	.LASF14:
 261 014f 2E5C6D61 		.ascii	".\\main.c\000"
 261      696E2E63 
 261      00
 262              	.LASF12:
 263 0158 73697A65 		.ascii	"sizetype\000"
 263      74797065 
 263      00
 264              		.ident	"GCC: (GNU Tools for ARM Embedded Processors) 4.8.4 20140526 (release) [ARM/embedded-4_8-br
