ARM GAS  C:\Users\Bagger\AppData\Local\Temp\ccq0uV1v.s 			page 1


   1              		.cpu cortex-m0
   2              		.fpu softvfp
   3              		.eabi_attribute 20, 1
   4              		.eabi_attribute 21, 1
   5              		.eabi_attribute 23, 3
   6              		.eabi_attribute 24, 1
   7              		.eabi_attribute 25, 1
   8              		.eabi_attribute 26, 1
   9              		.eabi_attribute 30, 6
  10              		.eabi_attribute 34, 0
  11              		.eabi_attribute 18, 4
  12              		.code	16
  13              		.file	"PSoC_Master_Class.c"
  14              		.text
  15              	.Ltext0:
  16              		.cfi_sections	.debug_frame
  17              		.comm	tempTemp,4,4
  18              		.comm	tempSoilHum,12,4
  19              		.global	theState
  20              		.bss
  21              		.type	theState, %object
  22              		.size	theState, 1
  23              	theState:
  24 0000 00       		.space	1
  25              		.global	irrigationIndex
  26              		.type	irrigationIndex, %object
  27              		.size	irrigationIndex, 1
  28              	irrigationIndex:
  29 0001 00       		.space	1
  30              		.comm	buff,1,1
  31              		.global	uartInt
  32              		.type	uartInt, %object
  33              		.size	uartInt, 1
  34              	uartInt:
  35 0002 00       		.space	1
  36              		.global	timerInt
  37              		.type	timerInt, %object
  38              		.size	timerInt, 1
  39              	timerInt:
  40 0003 00       		.space	1
  41              		.section	.text.initPSoC_Master,"ax",%progbits
  42              		.align	2
  43              		.global	initPSoC_Master
  44              		.code	16
  45              		.thumb_func
  46              		.type	initPSoC_Master, %function
  47              	initPSoC_Master:
  48              	.LFB33:
  49              		.file 1 ".\\PSoC_Master_Class.c"
   1:.\PSoC_Master_Class.c **** /* ========================================
   2:.\PSoC_Master_Class.c ****  * 
   3:.\PSoC_Master_Class.c ****  * AutoGreen - PSoC_Master
   4:.\PSoC_Master_Class.c ****  * PSoC_Master_Class.c
   5:.\PSoC_Master_Class.c ****  * (Description)
   6:.\PSoC_Master_Class.c ****  * PRJ3 - GRP9
   7:.\PSoC_Master_Class.c ****  * 2015-04-15
   8:.\PSoC_Master_Class.c ****  *
ARM GAS  C:\Users\Bagger\AppData\Local\Temp\ccq0uV1v.s 			page 2


   9:.\PSoC_Master_Class.c ****  * ========================================
  10:.\PSoC_Master_Class.c **** */
  11:.\PSoC_Master_Class.c **** 
  12:.\PSoC_Master_Class.c **** // Include files
  13:.\PSoC_Master_Class.c **** #include "PSoC_Master_Class.h"
  14:.\PSoC_Master_Class.c **** #include "DSP_Class.h"
  15:.\PSoC_Master_Class.c **** #include "I2C_Class.h"
  16:.\PSoC_Master_Class.c **** #include "UART_Class.h"
  17:.\PSoC_Master_Class.c **** 
  18:.\PSoC_Master_Class.c **** //Definitions
  19:.\PSoC_Master_Class.c **** #define CONVERT_TO_ASCII 48
  20:.\PSoC_Master_Class.c **** #define LED_ON 0
  21:.\PSoC_Master_Class.c **** #define LED_OFF 1
  22:.\PSoC_Master_Class.c **** #define TIME_BETWEEN_TIMER_INT 2000 // Time between every interrupt in ms
  23:.\PSoC_Master_Class.c **** 
  24:.\PSoC_Master_Class.c **** // Private data members
  25:.\PSoC_Master_Class.c **** int32 tempTemp;
  26:.\PSoC_Master_Class.c **** int16 tempSoilHum[6];
  27:.\PSoC_Master_Class.c **** 
  28:.\PSoC_Master_Class.c **** // Private prototypes
  29:.\PSoC_Master_Class.c **** CY_ISR_PROTO(timer_ISR);
  30:.\PSoC_Master_Class.c **** CY_ISR_PROTO(UART_ISR);
  31:.\PSoC_Master_Class.c **** 
  32:.\PSoC_Master_Class.c **** //----------flags0----------
  33:.\PSoC_Master_Class.c **** // Buffers / flags
  34:.\PSoC_Master_Class.c **** typedef enum {IDLE, ADJW, ADJH, ADJV, ADJI, RESP_SOIL_HUM} state;
  35:.\PSoC_Master_Class.c **** volatile state theState = IDLE;
  36:.\PSoC_Master_Class.c **** volatile int8 irrigationIndex = 0;
  37:.\PSoC_Master_Class.c **** uint8 buff;
  38:.\PSoC_Master_Class.c **** uint8 uartInt = 0;
  39:.\PSoC_Master_Class.c **** uint8 timerInt = 0;
  40:.\PSoC_Master_Class.c **** //----------flags1----------
  41:.\PSoC_Master_Class.c **** 
  42:.\PSoC_Master_Class.c **** void initPSoC_Master(void){
  50              		.loc 1 42 0
  51              		.cfi_startproc
  52 0000 80B5     		push	{r7, lr}
  53              		.cfi_def_cfa_offset 8
  54              		.cfi_offset 7, -8
  55              		.cfi_offset 14, -4
  56 0002 82B0     		sub	sp, sp, #8
  57              		.cfi_def_cfa_offset 16
  58 0004 00AF     		add	r7, sp, #0
  59              		.cfi_def_cfa_register 7
  43:.\PSoC_Master_Class.c **** 	tempTemp = 0;
  60              		.loc 1 43 0
  61 0006 1C4B     		ldr	r3, .L3
  62 0008 0022     		mov	r2, #0
  63 000a 1A60     		str	r2, [r3]
  44:.\PSoC_Master_Class.c ****     tempSoilHum[0] = 0;
  64              		.loc 1 44 0
  65 000c 1B4B     		ldr	r3, .L3+4
  66 000e 0022     		mov	r2, #0
  67 0010 1A80     		strh	r2, [r3]
  45:.\PSoC_Master_Class.c ****     tempSoilHum[1] = 0;
  68              		.loc 1 45 0
  69 0012 1A4B     		ldr	r3, .L3+4
ARM GAS  C:\Users\Bagger\AppData\Local\Temp\ccq0uV1v.s 			page 3


  70 0014 0022     		mov	r2, #0
  71 0016 5A80     		strh	r2, [r3, #2]
  46:.\PSoC_Master_Class.c ****     tempSoilHum[2] = 0;
  72              		.loc 1 46 0
  73 0018 184B     		ldr	r3, .L3+4
  74 001a 0022     		mov	r2, #0
  75 001c 9A80     		strh	r2, [r3, #4]
  47:.\PSoC_Master_Class.c ****     tempSoilHum[3] = 0;
  76              		.loc 1 47 0
  77 001e 174B     		ldr	r3, .L3+4
  78 0020 0022     		mov	r2, #0
  79 0022 DA80     		strh	r2, [r3, #6]
  48:.\PSoC_Master_Class.c ****     tempSoilHum[4] = 0;
  80              		.loc 1 48 0
  81 0024 154B     		ldr	r3, .L3+4
  82 0026 0022     		mov	r2, #0
  83 0028 1A81     		strh	r2, [r3, #8]
  49:.\PSoC_Master_Class.c ****     tempSoilHum[5] = 0;
  84              		.loc 1 49 0
  85 002a 144B     		ldr	r3, .L3+4
  86 002c 0022     		mov	r2, #0
  87 002e 5A81     		strh	r2, [r3, #10]
  50:.\PSoC_Master_Class.c **** 	
  51:.\PSoC_Master_Class.c ****     // ISR
  52:.\PSoC_Master_Class.c ****     UART_ISR_StartEx(UART_ISR);     // Starts UART interrupt component
  88              		.loc 1 52 0
  89 0030 134B     		ldr	r3, .L3+8
  90 0032 181C     		mov	r0, r3
  91 0034 FFF7FEFF 		bl	UART_ISR_StartEx
  53:.\PSoC_Master_Class.c ****     timer_ISR_StartEx(timer_ISR);   // Starts timer interrupt component
  92              		.loc 1 53 0
  93 0038 124B     		ldr	r3, .L3+12
  94 003a 181C     		mov	r0, r3
  95 003c FFF7FEFF 		bl	timer_ISR_StartEx
  54:.\PSoC_Master_Class.c ****     
  55:.\PSoC_Master_Class.c ****     UART_Start();                   //  Starts UART component
  96              		.loc 1 55 0
  97 0040 FFF7FEFF 		bl	UART_Start
  56:.\PSoC_Master_Class.c ****     Timer_Start();                  // Starts timer component
  98              		.loc 1 56 0
  99 0044 FFF7FEFF 		bl	Timer_Start
  57:.\PSoC_Master_Class.c ****     
  58:.\PSoC_Master_Class.c ****     // Setup of timer interrupt
  59:.\PSoC_Master_Class.c ****     uint32 maxPeriod = 0xFFFFFFFF;  // The max period ((2^32)-1) = 179s
 100              		.loc 1 59 0
 101 0048 0123     		mov	r3, #1
 102 004a 5B42     		neg	r3, r3
 103 004c 3B60     		str	r3, [r7]
  60:.\PSoC_Master_Class.c ****     uint32 period = TIME_BETWEEN_TIMER_INT * 24000;
 104              		.loc 1 60 0
 105 004e 0E4B     		ldr	r3, .L3+16
 106 0050 7B60     		str	r3, [r7, #4]
  61:.\PSoC_Master_Class.c ****     
  62:.\PSoC_Master_Class.c ****     if (period > maxPeriod){
 107              		.loc 1 62 0
 108 0052 7A68     		ldr	r2, [r7, #4]
 109 0054 3B68     		ldr	r3, [r7]
ARM GAS  C:\Users\Bagger\AppData\Local\Temp\ccq0uV1v.s 			page 4


 110 0056 9A42     		cmp	r2, r3
 111 0058 01D9     		bls	.L2
  63:.\PSoC_Master_Class.c ****         period = maxPeriod;
 112              		.loc 1 63 0
 113 005a 3B68     		ldr	r3, [r7]
 114 005c 7B60     		str	r3, [r7, #4]
 115              	.L2:
  64:.\PSoC_Master_Class.c ****     }
  65:.\PSoC_Master_Class.c ****     
  66:.\PSoC_Master_Class.c ****     Timer_WritePeriod(period);
 116              		.loc 1 66 0
 117 005e 7B68     		ldr	r3, [r7, #4]
 118 0060 181C     		mov	r0, r3
 119 0062 FFF7FEFF 		bl	Timer_WritePeriod
  67:.\PSoC_Master_Class.c ****     
  68:.\PSoC_Master_Class.c ****     RedLED_Write(LED_OFF);              // Turn off red LED
 120              		.loc 1 68 0
 121 0066 0120     		mov	r0, #1
 122 0068 FFF7FEFF 		bl	RedLED_Write
  69:.\PSoC_Master_Class.c ****     BlueLED_Write(LED_OFF);             // Turn off blue LED
 123              		.loc 1 69 0
 124 006c 0120     		mov	r0, #1
 125 006e FFF7FEFF 		bl	BlueLED_Write
  70:.\PSoC_Master_Class.c **** 
  71:.\PSoC_Master_Class.c **** }
 126              		.loc 1 71 0
 127 0072 BD46     		mov	sp, r7
 128 0074 02B0     		add	sp, sp, #8
 129              		@ sp needed
 130 0076 80BD     		pop	{r7, pc}
 131              	.L4:
 132              		.align	2
 133              	.L3:
 134 0078 00000000 		.word	tempTemp
 135 007c 00000000 		.word	tempSoilHum
 136 0080 00000000 		.word	UART_ISR
 137 0084 00000000 		.word	timer_ISR
 138 0088 006CDC02 		.word	48000000
 139              		.cfi_endproc
 140              	.LFE33:
 141              		.size	initPSoC_Master, .-initPSoC_Master
 142              		.section	.text.timer_ISR,"ax",%progbits
 143              		.align	2
 144              		.global	timer_ISR
 145              		.code	16
 146              		.thumb_func
 147              		.type	timer_ISR, %function
 148              	timer_ISR:
 149              	.LFB34:
  72:.\PSoC_Master_Class.c **** 
  73:.\PSoC_Master_Class.c **** // Timer ISR
  74:.\PSoC_Master_Class.c **** CY_ISR(timer_ISR){
 150              		.loc 1 74 0
 151              		.cfi_startproc
 152 0000 80B5     		push	{r7, lr}
 153              		.cfi_def_cfa_offset 8
 154              		.cfi_offset 7, -8
ARM GAS  C:\Users\Bagger\AppData\Local\Temp\ccq0uV1v.s 			page 5


 155              		.cfi_offset 14, -4
 156 0002 00AF     		add	r7, sp, #0
 157              		.cfi_def_cfa_register 7
  75:.\PSoC_Master_Class.c ****     timerInt = 1;
 158              		.loc 1 75 0
 159 0004 044B     		ldr	r3, .L6
 160 0006 0122     		mov	r2, #1
 161 0008 1A70     		strb	r2, [r3]
  76:.\PSoC_Master_Class.c ****     RedLED_Write(LED_ON);   // Turn on red LED
 162              		.loc 1 76 0
 163 000a 0020     		mov	r0, #0
 164 000c FFF7FEFF 		bl	RedLED_Write
  77:.\PSoC_Master_Class.c ****     Timer_ReadStatusRegister(); // Resets the interrupt
 165              		.loc 1 77 0
 166 0010 FFF7FEFF 		bl	Timer_ReadStatusRegister
  78:.\PSoC_Master_Class.c **** }
 167              		.loc 1 78 0
 168 0014 BD46     		mov	sp, r7
 169              		@ sp needed
 170 0016 80BD     		pop	{r7, pc}
 171              	.L7:
 172              		.align	2
 173              	.L6:
 174 0018 00000000 		.word	timerInt
 175              		.cfi_endproc
 176              	.LFE34:
 177              		.size	timer_ISR, .-timer_ISR
 178              		.section	.text.UART_ISR,"ax",%progbits
 179              		.align	2
 180              		.global	UART_ISR
 181              		.code	16
 182              		.thumb_func
 183              		.type	UART_ISR, %function
 184              	UART_ISR:
 185              	.LFB35:
  79:.\PSoC_Master_Class.c **** 
  80:.\PSoC_Master_Class.c **** //----------UART_ISR0----------
  81:.\PSoC_Master_Class.c **** // UART ISR
  82:.\PSoC_Master_Class.c **** CY_ISR(UART_ISR){
 186              		.loc 1 82 0
 187              		.cfi_startproc
 188 0000 80B5     		push	{r7, lr}
 189              		.cfi_def_cfa_offset 8
 190              		.cfi_offset 7, -8
 191              		.cfi_offset 14, -4
 192 0002 00AF     		add	r7, sp, #0
 193              		.cfi_def_cfa_register 7
  83:.\PSoC_Master_Class.c ****     uartInt = 1;
 194              		.loc 1 83 0
 195 0004 084B     		ldr	r3, .L9
 196 0006 0122     		mov	r2, #1
 197 0008 1A70     		strb	r2, [r3]
  84:.\PSoC_Master_Class.c ****     BlueLED_Write(LED_ON);       // Turn on blue LED
 198              		.loc 1 84 0
 199 000a 0020     		mov	r0, #0
 200 000c FFF7FEFF 		bl	BlueLED_Write
  85:.\PSoC_Master_Class.c ****     buff = dkRequest();
ARM GAS  C:\Users\Bagger\AppData\Local\Temp\ccq0uV1v.s 			page 6


 201              		.loc 1 85 0
 202 0010 FFF7FEFF 		bl	dkRequest
 203 0014 031C     		mov	r3, r0
 204 0016 1A1C     		mov	r2, r3
 205 0018 044B     		ldr	r3, .L9+4
 206 001a 1A70     		strb	r2, [r3]
  86:.\PSoC_Master_Class.c ****     UART_ClearRxInterruptSource(UART_GetRxInterruptSourceMasked());     // Clear interrupt flag
 207              		.loc 1 86 0
 208 001c 044B     		ldr	r3, .L9+8
 209 001e 054A     		ldr	r2, .L9+12
 210 0020 1268     		ldr	r2, [r2]
 211 0022 1A60     		str	r2, [r3]
  87:.\PSoC_Master_Class.c **** }
 212              		.loc 1 87 0
 213 0024 BD46     		mov	sp, r7
 214              		@ sp needed
 215 0026 80BD     		pop	{r7, pc}
 216              	.L10:
 217              		.align	2
 218              	.L9:
 219 0028 00000000 		.word	uartInt
 220 002c 00000000 		.word	buff
 221 0030 C00F0740 		.word	1074204608
 222 0034 CC0F0740 		.word	1074204620
 223              		.cfi_endproc
 224              	.LFE35:
 225              		.size	UART_ISR, .-UART_ISR
 226              		.section	.text.uartIntHandler,"ax",%progbits
 227              		.align	2
 228              		.global	uartIntHandler
 229              		.code	16
 230              		.thumb_func
 231              		.type	uartIntHandler, %function
 232              	uartIntHandler:
 233              	.LFB36:
  88:.\PSoC_Master_Class.c **** //----------UART_ISR1----------
  89:.\PSoC_Master_Class.c **** 
  90:.\PSoC_Master_Class.c **** //----------uartIntHandler0----------
  91:.\PSoC_Master_Class.c **** void uartIntHandler(void){
 234              		.loc 1 91 0
 235              		.cfi_startproc
 236 0000 80B5     		push	{r7, lr}
 237              		.cfi_def_cfa_offset 8
 238              		.cfi_offset 7, -8
 239              		.cfi_offset 14, -4
 240 0002 82B0     		sub	sp, sp, #8
 241              		.cfi_def_cfa_offset 16
 242 0004 00AF     		add	r7, sp, #0
 243              		.cfi_def_cfa_register 7
  92:.\PSoC_Master_Class.c ****     if (uartInt){
 244              		.loc 1 92 0
 245 0006 724B     		ldr	r3, .L38
 246 0008 1B78     		ldrb	r3, [r3]
 247 000a 002B     		cmp	r3, #0
 248 000c 00D1     		bne	.LCB164
 249 000e DBE0     		b	.L11	@long jump
 250              	.LCB164:
ARM GAS  C:\Users\Bagger\AppData\Local\Temp\ccq0uV1v.s 			page 7


  93:.\PSoC_Master_Class.c ****         uartInt = 0;
 251              		.loc 1 93 0
 252 0010 6F4B     		ldr	r3, .L38
 253 0012 0022     		mov	r2, #0
 254 0014 1A70     		strb	r2, [r3]
  94:.\PSoC_Master_Class.c ****         
  95:.\PSoC_Master_Class.c ****         if(theState == IDLE){
 255              		.loc 1 95 0
 256 0016 6F4B     		ldr	r3, .L38+4
 257 0018 1B78     		ldrb	r3, [r3]
 258 001a DBB2     		uxtb	r3, r3
 259 001c 002B     		cmp	r3, #0
 260 001e 34D1     		bne	.L13
  96:.\PSoC_Master_Class.c ****             switch (buff){
 261              		.loc 1 96 0
 262 0020 6D4B     		ldr	r3, .L38+8
 263 0022 1B78     		ldrb	r3, [r3]
 264 0024 463B     		sub	r3, r3, #70
 265 0026 112B     		cmp	r3, #17
 266 0028 2DD8     		bhi	.L37
 267 002a 9A00     		lsl	r2, r3, #2
 268 002c 6B4B     		ldr	r3, .L38+12
 269 002e D318     		add	r3, r2, r3
 270 0030 1B68     		ldr	r3, [r3]
 271 0032 9F46     		mov	pc, r3
 272              		.section	.rodata
 273              		.align	2
 274              	.L16:
 275 0000 76000000 		.word	.L15
 276 0004 86000000 		.word	.L37
 277 0008 42000000 		.word	.L17
 278 000c 86000000 		.word	.L37
 279 0010 86000000 		.word	.L37
 280 0014 54000000 		.word	.L18
 281 0018 86000000 		.word	.L37
 282 001c 86000000 		.word	.L37
 283 0020 86000000 		.word	.L37
 284 0024 86000000 		.word	.L37
 285 0028 86000000 		.word	.L37
 286 002c 86000000 		.word	.L37
 287 0030 86000000 		.word	.L37
 288 0034 7E000000 		.word	.L19
 289 0038 34000000 		.word	.L20
 290 003c 86000000 		.word	.L37
 291 0040 6E000000 		.word	.L21
 292 0044 66000000 		.word	.L22
 293              		.section	.text.uartIntHandler
 294              	.L20:
  97:.\PSoC_Master_Class.c ****                 case 'T':{ //RequestTemp
  98:.\PSoC_Master_Class.c ****                     respondTemp(getTemp_DSP());		
 295              		.loc 1 98 0
 296 0034 FFF7FEFF 		bl	getTemp_DSP
 297 0038 031C     		mov	r3, r0
 298 003a 181C     		mov	r0, r3
 299 003c FFF7FEFF 		bl	respondTemp
  99:.\PSoC_Master_Class.c ****                     break;
 300              		.loc 1 99 0
ARM GAS  C:\Users\Bagger\AppData\Local\Temp\ccq0uV1v.s 			page 8


 301 0040 22E0     		b	.L23
 302              	.L17:
 100:.\PSoC_Master_Class.c ****                 }
 101:.\PSoC_Master_Class.c **** //----------uartIntHandler1----------
 102:.\PSoC_Master_Class.c ****                 case 'H':{ //TurnHeatOn
 103:.\PSoC_Master_Class.c ****                     // 0x7 is the maximum value.
 104:.\PSoC_Master_Class.c ****                     respondHeat(adjustHeat(0x7), 'H');
 303              		.loc 1 104 0
 304 0042 0720     		mov	r0, #7
 305 0044 FFF7FEFF 		bl	adjustHeat
 306 0048 031C     		mov	r3, r0
 307 004a 181C     		mov	r0, r3
 308 004c 4821     		mov	r1, #72
 309 004e FFF7FEFF 		bl	respondHeat
 105:.\PSoC_Master_Class.c ****                     break;
 310              		.loc 1 105 0
 311 0052 19E0     		b	.L23
 312              	.L18:
 106:.\PSoC_Master_Class.c ****                 }
 107:.\PSoC_Master_Class.c ****                 case 'K':{ //TurnHeatOff
 108:.\PSoC_Master_Class.c ****                     // 0x0 is the minimum value.
 109:.\PSoC_Master_Class.c ****                     respondHeat(adjustHeat(0x0), 'K');
 313              		.loc 1 109 0
 314 0054 0020     		mov	r0, #0
 315 0056 FFF7FEFF 		bl	adjustHeat
 316 005a 031C     		mov	r3, r0
 317 005c 181C     		mov	r0, r3
 318 005e 4B21     		mov	r1, #75
 319 0060 FFF7FEFF 		bl	respondHeat
 110:.\PSoC_Master_Class.c ****                     break;
 320              		.loc 1 110 0
 321 0064 10E0     		b	.L23
 322              	.L22:
 111:.\PSoC_Master_Class.c ****                 }
 112:.\PSoC_Master_Class.c ****                 case 'W':{ //AdjustWindow
 113:.\PSoC_Master_Class.c ****                     theState = ADJW;
 323              		.loc 1 113 0
 324 0066 5B4B     		ldr	r3, .L38+4
 325 0068 0122     		mov	r2, #1
 326 006a 1A70     		strb	r2, [r3]
 114:.\PSoC_Master_Class.c ****                     break;
 327              		.loc 1 114 0
 328 006c 0CE0     		b	.L23
 329              	.L21:
 115:.\PSoC_Master_Class.c ****                 }
 116:.\PSoC_Master_Class.c ****                 case 'V':{ //Ventilation
 117:.\PSoC_Master_Class.c ****                     theState = ADJV;
 330              		.loc 1 117 0
 331 006e 594B     		ldr	r3, .L38+4
 332 0070 0322     		mov	r2, #3
 333 0072 1A70     		strb	r2, [r3]
 118:.\PSoC_Master_Class.c ****                     break;
 334              		.loc 1 118 0
 335 0074 08E0     		b	.L23
 336              	.L15:
 119:.\PSoC_Master_Class.c ****                 }
 120:.\PSoC_Master_Class.c ****                 case 'F':{ //Watering
ARM GAS  C:\Users\Bagger\AppData\Local\Temp\ccq0uV1v.s 			page 9


 121:.\PSoC_Master_Class.c ****                     theState = ADJI;
 337              		.loc 1 121 0
 338 0076 574B     		ldr	r3, .L38+4
 339 0078 0422     		mov	r2, #4
 340 007a 1A70     		strb	r2, [r3]
 122:.\PSoC_Master_Class.c ****                     break;
 341              		.loc 1 122 0
 342 007c 04E0     		b	.L23
 343              	.L19:
 123:.\PSoC_Master_Class.c ****                 }
 124:.\PSoC_Master_Class.c ****                 case 'S':{
 125:.\PSoC_Master_Class.c ****                     theState = RESP_SOIL_HUM;
 344              		.loc 1 125 0
 345 007e 554B     		ldr	r3, .L38+4
 346 0080 0522     		mov	r2, #5
 347 0082 1A70     		strb	r2, [r3]
 126:.\PSoC_Master_Class.c ****                     break;
 348              		.loc 1 126 0
 349 0084 00E0     		b	.L23
 350              	.L37:
 127:.\PSoC_Master_Class.c ****                 }
 128:.\PSoC_Master_Class.c ****                 default:{
 129:.\PSoC_Master_Class.c ****                     // Do nothing - let the DevKit8000 timeout
 130:.\PSoC_Master_Class.c ****                     break;
 351              		.loc 1 130 0
 352 0086 C046     		mov	r8, r8
 353              	.L23:
 354 0088 98E0     		b	.L24
 355              	.L13:
 131:.\PSoC_Master_Class.c ****                 }
 132:.\PSoC_Master_Class.c ****             }
 133:.\PSoC_Master_Class.c ****         }
 134:.\PSoC_Master_Class.c **** //----------uartIntHandler2----------
 135:.\PSoC_Master_Class.c ****         else if(theState == ADJW){
 356              		.loc 1 135 0
 357 008a 524B     		ldr	r3, .L38+4
 358 008c 1B78     		ldrb	r3, [r3]
 359 008e DBB2     		uxtb	r3, r3
 360 0090 012B     		cmp	r3, #1
 361 0092 16D1     		bne	.L25
 136:.\PSoC_Master_Class.c ****             if(buff-CONVERT_TO_ASCII == 1){
 362              		.loc 1 136 0
 363 0094 504B     		ldr	r3, .L38+8
 364 0096 1B78     		ldrb	r3, [r3]
 365 0098 312B     		cmp	r3, #49
 366 009a 07D1     		bne	.L26
 137:.\PSoC_Master_Class.c ****                 respondWin(adjustWindow(0xFF));
 367              		.loc 1 137 0
 368 009c FF20     		mov	r0, #255
 369 009e FFF7FEFF 		bl	adjustWindow
 370 00a2 031C     		mov	r3, r0
 371 00a4 181C     		mov	r0, r3
 372 00a6 FFF7FEFF 		bl	respondWin
 373 00aa 06E0     		b	.L27
 374              	.L26:
 138:.\PSoC_Master_Class.c ****             }
 139:.\PSoC_Master_Class.c ****             else{
ARM GAS  C:\Users\Bagger\AppData\Local\Temp\ccq0uV1v.s 			page 10


 140:.\PSoC_Master_Class.c ****                 respondWin(adjustWindow(0x00));
 375              		.loc 1 140 0
 376 00ac 0020     		mov	r0, #0
 377 00ae FFF7FEFF 		bl	adjustWindow
 378 00b2 031C     		mov	r3, r0
 379 00b4 181C     		mov	r0, r3
 380 00b6 FFF7FEFF 		bl	respondWin
 381              	.L27:
 141:.\PSoC_Master_Class.c ****             }
 142:.\PSoC_Master_Class.c ****             theState = IDLE;
 382              		.loc 1 142 0 discriminator 1
 383 00ba 464B     		ldr	r3, .L38+4
 384 00bc 0022     		mov	r2, #0
 385 00be 1A70     		strb	r2, [r3]
 386 00c0 7CE0     		b	.L24
 387              	.L25:
 143:.\PSoC_Master_Class.c ****         }
 144:.\PSoC_Master_Class.c **** //----------uartIntHandler3----------
 145:.\PSoC_Master_Class.c ****         else if(theState == ADJV){
 388              		.loc 1 145 0
 389 00c2 444B     		ldr	r3, .L38+4
 390 00c4 1B78     		ldrb	r3, [r3]
 391 00c6 DBB2     		uxtb	r3, r3
 392 00c8 032B     		cmp	r3, #3
 393 00ca 16D1     		bne	.L28
 146:.\PSoC_Master_Class.c ****             if(buff-CONVERT_TO_ASCII == 1){
 394              		.loc 1 146 0
 395 00cc 424B     		ldr	r3, .L38+8
 396 00ce 1B78     		ldrb	r3, [r3]
 397 00d0 312B     		cmp	r3, #49
 398 00d2 07D1     		bne	.L29
 147:.\PSoC_Master_Class.c ****                 respondVent(adjustVentilation(0xFF));
 399              		.loc 1 147 0
 400 00d4 FF20     		mov	r0, #255
 401 00d6 FFF7FEFF 		bl	adjustVentilation
 402 00da 031C     		mov	r3, r0
 403 00dc 181C     		mov	r0, r3
 404 00de FFF7FEFF 		bl	respondVent
 405 00e2 06E0     		b	.L30
 406              	.L29:
 148:.\PSoC_Master_Class.c ****             }
 149:.\PSoC_Master_Class.c ****             else{
 150:.\PSoC_Master_Class.c ****                 respondVent(adjustVentilation(0x00));
 407              		.loc 1 150 0
 408 00e4 0020     		mov	r0, #0
 409 00e6 FFF7FEFF 		bl	adjustVentilation
 410 00ea 031C     		mov	r3, r0
 411 00ec 181C     		mov	r0, r3
 412 00ee FFF7FEFF 		bl	respondVent
 413              	.L30:
 151:.\PSoC_Master_Class.c ****             }
 152:.\PSoC_Master_Class.c ****             theState = IDLE;
 414              		.loc 1 152 0 discriminator 2
 415 00f2 384B     		ldr	r3, .L38+4
 416 00f4 0022     		mov	r2, #0
 417 00f6 1A70     		strb	r2, [r3]
 418 00f8 60E0     		b	.L24
ARM GAS  C:\Users\Bagger\AppData\Local\Temp\ccq0uV1v.s 			page 11


 419              	.L28:
 153:.\PSoC_Master_Class.c ****         }
 154:.\PSoC_Master_Class.c ****         else if(theState == ADJI){
 420              		.loc 1 154 0
 421 00fa 364B     		ldr	r3, .L38+4
 422 00fc 1B78     		ldrb	r3, [r3]
 423 00fe DBB2     		uxtb	r3, r3
 424 0100 042B     		cmp	r3, #4
 425 0102 3ED1     		bne	.L31
 155:.\PSoC_Master_Class.c ****             if (!irrigationIndex){
 426              		.loc 1 155 0
 427 0104 364B     		ldr	r3, .L38+16
 428 0106 1B78     		ldrb	r3, [r3]
 429 0108 DBB2     		uxtb	r3, r3
 430 010a 002B     		cmp	r3, #0
 431 010c 07D1     		bne	.L32
 156:.\PSoC_Master_Class.c ****                 irrigationIndex = buff - CONVERT_TO_ASCII;
 432              		.loc 1 156 0
 433 010e 324B     		ldr	r3, .L38+8
 434 0110 1B78     		ldrb	r3, [r3]
 435 0112 303B     		sub	r3, r3, #48
 436 0114 DBB2     		uxtb	r3, r3
 437 0116 DAB2     		uxtb	r2, r3
 438 0118 314B     		ldr	r3, .L38+16
 439 011a 1A70     		strb	r2, [r3]
 440 011c 4EE0     		b	.L24
 441              	.L32:
 157:.\PSoC_Master_Class.c ****             }
 158:.\PSoC_Master_Class.c ****             else{
 159:.\PSoC_Master_Class.c ****                 if (buff-CONVERT_TO_ASCII == 1){
 442              		.loc 1 159 0
 443 011e 2E4B     		ldr	r3, .L38+8
 444 0120 1B78     		ldrb	r3, [r3]
 445 0122 312B     		cmp	r3, #49
 446 0124 0ED1     		bne	.L34
 160:.\PSoC_Master_Class.c ****                     respondIrri(adjustIrrigation(irrigationIndex - 1, 0xFF));
 447              		.loc 1 160 0
 448 0126 2E4B     		ldr	r3, .L38+16
 449 0128 1B78     		ldrb	r3, [r3]
 450 012a DBB2     		uxtb	r3, r3
 451 012c DBB2     		uxtb	r3, r3
 452 012e 013B     		sub	r3, r3, #1
 453 0130 DBB2     		uxtb	r3, r3
 454 0132 181C     		mov	r0, r3
 455 0134 FF21     		mov	r1, #255
 456 0136 FFF7FEFF 		bl	adjustIrrigation
 457 013a 031C     		mov	r3, r0
 458 013c 181C     		mov	r0, r3
 459 013e FFF7FEFF 		bl	respondIrri
 460 0142 17E0     		b	.L35
 461              	.L34:
 161:.\PSoC_Master_Class.c ****                 }
 162:.\PSoC_Master_Class.c ****                 else if(buff - CONVERT_TO_ASCII == 0){
 462              		.loc 1 162 0
 463 0144 244B     		ldr	r3, .L38+8
 464 0146 1B78     		ldrb	r3, [r3]
 465 0148 302B     		cmp	r3, #48
ARM GAS  C:\Users\Bagger\AppData\Local\Temp\ccq0uV1v.s 			page 12


 466 014a 0ED1     		bne	.L36
 163:.\PSoC_Master_Class.c ****                     respondIrri(adjustIrrigation(irrigationIndex - 1, 0x00));
 467              		.loc 1 163 0
 468 014c 244B     		ldr	r3, .L38+16
 469 014e 1B78     		ldrb	r3, [r3]
 470 0150 DBB2     		uxtb	r3, r3
 471 0152 DBB2     		uxtb	r3, r3
 472 0154 013B     		sub	r3, r3, #1
 473 0156 DBB2     		uxtb	r3, r3
 474 0158 181C     		mov	r0, r3
 475 015a 0021     		mov	r1, #0
 476 015c FFF7FEFF 		bl	adjustIrrigation
 477 0160 031C     		mov	r3, r0
 478 0162 181C     		mov	r0, r3
 479 0164 FFF7FEFF 		bl	respondIrri
 480 0168 04E0     		b	.L35
 481              	.L36:
 164:.\PSoC_Master_Class.c ****                 }
 165:.\PSoC_Master_Class.c ****                 else{
 166:.\PSoC_Master_Class.c ****                     respondIrri(-1); //Bad argument
 482              		.loc 1 166 0
 483 016a 0123     		mov	r3, #1
 484 016c 5B42     		neg	r3, r3
 485 016e 181C     		mov	r0, r3
 486 0170 FFF7FEFF 		bl	respondIrri
 487              	.L35:
 167:.\PSoC_Master_Class.c ****                 }
 168:.\PSoC_Master_Class.c ****                 irrigationIndex = 0;
 488              		.loc 1 168 0
 489 0174 1A4B     		ldr	r3, .L38+16
 490 0176 0022     		mov	r2, #0
 491 0178 1A70     		strb	r2, [r3]
 169:.\PSoC_Master_Class.c ****                 theState = IDLE;
 492              		.loc 1 169 0
 493 017a 164B     		ldr	r3, .L38+4
 494 017c 0022     		mov	r2, #0
 495 017e 1A70     		strb	r2, [r3]
 496 0180 1CE0     		b	.L24
 497              	.L31:
 170:.\PSoC_Master_Class.c ****             }
 171:.\PSoC_Master_Class.c ****         }
 172:.\PSoC_Master_Class.c ****         else if(theState == RESP_SOIL_HUM){
 498              		.loc 1 172 0
 499 0182 144B     		ldr	r3, .L38+4
 500 0184 1B78     		ldrb	r3, [r3]
 501 0186 DBB2     		uxtb	r3, r3
 502 0188 052B     		cmp	r3, #5
 503 018a 17D1     		bne	.L24
 504              	.LBB2:
 173:.\PSoC_Master_Class.c ****             uint8 temp = buff - CONVERT_TO_ASCII - 1; //incoming number is in ASCII 1-6, DSP works 
 505              		.loc 1 173 0
 506 018c 124B     		ldr	r3, .L38+8
 507 018e 1A78     		ldrb	r2, [r3]
 508 0190 FB1D     		add	r3, r7, #7
 509 0192 313A     		sub	r2, r2, #49
 510 0194 1A70     		strb	r2, [r3]
 174:.\PSoC_Master_Class.c ****             if (temp <= 5 && temp >= 0){
ARM GAS  C:\Users\Bagger\AppData\Local\Temp\ccq0uV1v.s 			page 13


 511              		.loc 1 174 0
 512 0196 FB1D     		add	r3, r7, #7
 513 0198 1B78     		ldrb	r3, [r3]
 514 019a 052B     		cmp	r3, #5
 515 019c 0ED8     		bhi	.L24
 175:.\PSoC_Master_Class.c ****                 respondSoilHum(temp, getSoilHum_DSP(temp));
 516              		.loc 1 175 0
 517 019e FB1D     		add	r3, r7, #7
 518 01a0 1B78     		ldrb	r3, [r3]
 519 01a2 181C     		mov	r0, r3
 520 01a4 FFF7FEFF 		bl	getSoilHum_DSP
 521 01a8 031C     		mov	r3, r0
 522 01aa FA1D     		add	r2, r7, #7
 523 01ac 1278     		ldrb	r2, [r2]
 524 01ae 101C     		mov	r0, r2
 525 01b0 191C     		mov	r1, r3
 526 01b2 FFF7FEFF 		bl	respondSoilHum
 176:.\PSoC_Master_Class.c ****                 theState = IDLE;
 527              		.loc 1 176 0
 528 01b6 074B     		ldr	r3, .L38+4
 529 01b8 0022     		mov	r2, #0
 530 01ba 1A70     		strb	r2, [r3]
 531              	.L24:
 532              	.LBE2:
 177:.\PSoC_Master_Class.c ****             }
 178:.\PSoC_Master_Class.c ****         }
 179:.\PSoC_Master_Class.c ****         buff = 0;
 533              		.loc 1 179 0
 534 01bc 064B     		ldr	r3, .L38+8
 535 01be 0022     		mov	r2, #0
 536 01c0 1A70     		strb	r2, [r3]
 180:.\PSoC_Master_Class.c ****         BlueLED_Write(LED_OFF);         // Turn off blue LED
 537              		.loc 1 180 0
 538 01c2 0120     		mov	r0, #1
 539 01c4 FFF7FEFF 		bl	BlueLED_Write
 540              	.L11:
 181:.\PSoC_Master_Class.c ****     }
 182:.\PSoC_Master_Class.c **** }
 541              		.loc 1 182 0
 542 01c8 BD46     		mov	sp, r7
 543 01ca 02B0     		add	sp, sp, #8
 544              		@ sp needed
 545 01cc 80BD     		pop	{r7, pc}
 546              	.L39:
 547 01ce C046     		.align	2
 548              	.L38:
 549 01d0 00000000 		.word	uartInt
 550 01d4 00000000 		.word	theState
 551 01d8 00000000 		.word	buff
 552 01dc 00000000 		.word	.L16
 553 01e0 00000000 		.word	irrigationIndex
 554              		.cfi_endproc
 555              	.LFE36:
 556              		.size	uartIntHandler, .-uartIntHandler
 557              		.section	.text.timerIntHandler,"ax",%progbits
 558              		.align	2
 559              		.global	timerIntHandler
ARM GAS  C:\Users\Bagger\AppData\Local\Temp\ccq0uV1v.s 			page 14


 560              		.code	16
 561              		.thumb_func
 562              		.type	timerIntHandler, %function
 563              	timerIntHandler:
 564              	.LFB37:
 183:.\PSoC_Master_Class.c **** 
 184:.\PSoC_Master_Class.c **** 
 185:.\PSoC_Master_Class.c **** //----------timerIntHandler0----------
 186:.\PSoC_Master_Class.c **** void timerIntHandler(void){
 565              		.loc 1 186 0
 566              		.cfi_startproc
 567 0000 80B5     		push	{r7, lr}
 568              		.cfi_def_cfa_offset 8
 569              		.cfi_offset 7, -8
 570              		.cfi_offset 14, -4
 571 0002 82B0     		sub	sp, sp, #8
 572              		.cfi_def_cfa_offset 16
 573 0004 00AF     		add	r7, sp, #0
 574              		.cfi_def_cfa_register 7
 187:.\PSoC_Master_Class.c ****     if(timerInt){
 575              		.loc 1 187 0
 576 0006 1C4B     		ldr	r3, .L44
 577 0008 1B78     		ldrb	r3, [r3]
 578 000a 002B     		cmp	r3, #0
 579 000c 30D0     		beq	.L40
 188:.\PSoC_Master_Class.c ****         timerInt = 0;           // Reset flag
 580              		.loc 1 188 0
 581 000e 1A4B     		ldr	r3, .L44
 582 0010 0022     		mov	r2, #0
 583 0012 1A70     		strb	r2, [r3]
 189:.\PSoC_Master_Class.c ****         
 190:.\PSoC_Master_Class.c ****         // Measure temp and input to DSP class 
 191:.\PSoC_Master_Class.c ****         getTemp(&tempTemp);
 584              		.loc 1 191 0
 585 0014 194B     		ldr	r3, .L44+4
 586 0016 181C     		mov	r0, r3
 587 0018 FFF7FEFF 		bl	getTemp
 192:.\PSoC_Master_Class.c ****         inputTemp(&tempTemp);
 588              		.loc 1 192 0
 589 001c 174B     		ldr	r3, .L44+4
 590 001e 181C     		mov	r0, r3
 591 0020 FFF7FEFF 		bl	inputTemp
 592              	.LBB3:
 193:.\PSoC_Master_Class.c ****         
 194:.\PSoC_Master_Class.c ****         // Measure soilhum and input to DSP class 
 195:.\PSoC_Master_Class.c ****         {
 196:.\PSoC_Master_Class.c ****             uint8 i;
 197:.\PSoC_Master_Class.c ****             for(i = 0; i<6 ; i++){
 593              		.loc 1 197 0
 594 0024 FB1D     		add	r3, r7, #7
 595 0026 0022     		mov	r2, #0
 596 0028 1A70     		strb	r2, [r3]
 597 002a 1AE0     		b	.L42
 598              	.L43:
 198:.\PSoC_Master_Class.c ****                 getSoilHum(i, &tempSoilHum[i]);
 599              		.loc 1 198 0 discriminator 2
 600 002c FB1D     		add	r3, r7, #7
ARM GAS  C:\Users\Bagger\AppData\Local\Temp\ccq0uV1v.s 			page 15


 601 002e 1B78     		ldrb	r3, [r3]
 602 0030 5A00     		lsl	r2, r3, #1
 603 0032 134B     		ldr	r3, .L44+8
 604 0034 D318     		add	r3, r2, r3
 605 0036 FA1D     		add	r2, r7, #7
 606 0038 1278     		ldrb	r2, [r2]
 607 003a 101C     		mov	r0, r2
 608 003c 191C     		mov	r1, r3
 609 003e FFF7FEFF 		bl	getSoilHum
 199:.\PSoC_Master_Class.c ****                 inputSoilHum(i, &tempSoilHum[i]);
 610              		.loc 1 199 0 discriminator 2
 611 0042 FB1D     		add	r3, r7, #7
 612 0044 1B78     		ldrb	r3, [r3]
 613 0046 5A00     		lsl	r2, r3, #1
 614 0048 0D4B     		ldr	r3, .L44+8
 615 004a D318     		add	r3, r2, r3
 616 004c FA1D     		add	r2, r7, #7
 617 004e 1278     		ldrb	r2, [r2]
 618 0050 101C     		mov	r0, r2
 619 0052 191C     		mov	r1, r3
 620 0054 FFF7FEFF 		bl	inputSoilHum
 197:.\PSoC_Master_Class.c ****             for(i = 0; i<6 ; i++){
 621              		.loc 1 197 0 discriminator 2
 622 0058 FB1D     		add	r3, r7, #7
 623 005a 1A78     		ldrb	r2, [r3]
 624 005c FB1D     		add	r3, r7, #7
 625 005e 0132     		add	r2, r2, #1
 626 0060 1A70     		strb	r2, [r3]
 627              	.L42:
 197:.\PSoC_Master_Class.c ****             for(i = 0; i<6 ; i++){
 628              		.loc 1 197 0 is_stmt 0 discriminator 1
 629 0062 FB1D     		add	r3, r7, #7
 630 0064 1B78     		ldrb	r3, [r3]
 631 0066 052B     		cmp	r3, #5
 632 0068 E0D9     		bls	.L43
 633              	.LBE3:
 200:.\PSoC_Master_Class.c ****             }
 201:.\PSoC_Master_Class.c ****         }
 202:.\PSoC_Master_Class.c ****         
 203:.\PSoC_Master_Class.c ****         RedLED_Write(LED_OFF);                      // Turn off red LED    
 634              		.loc 1 203 0 is_stmt 1
 635 006a 0120     		mov	r0, #1
 636 006c FFF7FEFF 		bl	RedLED_Write
 637              	.L40:
 204:.\PSoC_Master_Class.c ****     }    
 205:.\PSoC_Master_Class.c **** }
 638              		.loc 1 205 0
 639 0070 BD46     		mov	sp, r7
 640 0072 02B0     		add	sp, sp, #8
 641              		@ sp needed
 642 0074 80BD     		pop	{r7, pc}
 643              	.L45:
 644 0076 C046     		.align	2
 645              	.L44:
 646 0078 00000000 		.word	timerInt
 647 007c 00000000 		.word	tempTemp
 648 0080 00000000 		.word	tempSoilHum
ARM GAS  C:\Users\Bagger\AppData\Local\Temp\ccq0uV1v.s 			page 16


 649              		.cfi_endproc
 650              	.LFE37:
 651              		.size	timerIntHandler, .-timerIntHandler
 652              		.text
 653              	.Letext0:
 654              		.file 2 "Generated_Source\\PSoC4/cytypes.h"
 655              		.section	.debug_info,"",%progbits
 656              	.Ldebug_info0:
 657 0000 43020000 		.4byte	0x243
 658 0004 0400     		.2byte	0x4
 659 0006 00000000 		.4byte	.Ldebug_abbrev0
 660 000a 04       		.byte	0x4
 661 000b 01       		.uleb128 0x1
 662 000c AE000000 		.4byte	.LASF41
 663 0010 01       		.byte	0x1
 664 0011 22000000 		.4byte	.LASF42
 665 0015 70000000 		.4byte	.LASF43
 666 0019 00000000 		.4byte	.Ldebug_ranges0+0
 667 001d 00000000 		.4byte	0
 668 0021 00000000 		.4byte	.Ldebug_line0
 669 0025 02       		.uleb128 0x2
 670 0026 01       		.byte	0x1
 671 0027 06       		.byte	0x6
 672 0028 3B020000 		.4byte	.LASF0
 673 002c 02       		.uleb128 0x2
 674 002d 01       		.byte	0x1
 675 002e 08       		.byte	0x8
 676 002f 38010000 		.4byte	.LASF1
 677 0033 02       		.uleb128 0x2
 678 0034 02       		.byte	0x2
 679 0035 05       		.byte	0x5
 680 0036 12020000 		.4byte	.LASF2
 681 003a 02       		.uleb128 0x2
 682 003b 02       		.byte	0x2
 683 003c 07       		.byte	0x7
 684 003d 4F000000 		.4byte	.LASF3
 685 0041 02       		.uleb128 0x2
 686 0042 04       		.byte	0x4
 687 0043 05       		.byte	0x5
 688 0044 32020000 		.4byte	.LASF4
 689 0048 02       		.uleb128 0x2
 690 0049 04       		.byte	0x4
 691 004a 07       		.byte	0x7
 692 004b 4C010000 		.4byte	.LASF5
 693 004f 02       		.uleb128 0x2
 694 0050 08       		.byte	0x8
 695 0051 05       		.byte	0x5
 696 0052 FA010000 		.4byte	.LASF6
 697 0056 02       		.uleb128 0x2
 698 0057 08       		.byte	0x8
 699 0058 07       		.byte	0x7
 700 0059 C9010000 		.4byte	.LASF7
 701 005d 03       		.uleb128 0x3
 702 005e 04       		.byte	0x4
 703 005f 05       		.byte	0x5
 704 0060 696E7400 		.ascii	"int\000"
 705 0064 02       		.uleb128 0x2
ARM GAS  C:\Users\Bagger\AppData\Local\Temp\ccq0uV1v.s 			page 17


 706 0065 04       		.byte	0x4
 707 0066 07       		.byte	0x7
 708 0067 BC010000 		.4byte	.LASF8
 709 006b 04       		.uleb128 0x4
 710 006c 2C020000 		.4byte	.LASF9
 711 0070 02       		.byte	0x2
 712 0071 A1       		.byte	0xa1
 713 0072 2C000000 		.4byte	0x2c
 714 0076 04       		.uleb128 0x4
 715 0077 A1010000 		.4byte	.LASF10
 716 007b 02       		.byte	0x2
 717 007c A3       		.byte	0xa3
 718 007d 48000000 		.4byte	0x48
 719 0081 04       		.uleb128 0x4
 720 0082 9C010000 		.4byte	.LASF11
 721 0086 02       		.byte	0x2
 722 0087 A4       		.byte	0xa4
 723 0088 25000000 		.4byte	0x25
 724 008c 04       		.uleb128 0x4
 725 008d 46010000 		.4byte	.LASF12
 726 0091 02       		.byte	0x2
 727 0092 A5       		.byte	0xa5
 728 0093 33000000 		.4byte	0x33
 729 0097 04       		.uleb128 0x4
 730 0098 63010000 		.4byte	.LASF13
 731 009c 02       		.byte	0x2
 732 009d A6       		.byte	0xa6
 733 009e 41000000 		.4byte	0x41
 734 00a2 02       		.uleb128 0x2
 735 00a3 04       		.byte	0x4
 736 00a4 04       		.byte	0x4
 737 00a5 A8000000 		.4byte	.LASF14
 738 00a9 02       		.uleb128 0x2
 739 00aa 08       		.byte	0x8
 740 00ab 04       		.byte	0x4
 741 00ac 8C010000 		.4byte	.LASF15
 742 00b0 02       		.uleb128 0x2
 743 00b1 01       		.byte	0x1
 744 00b2 08       		.byte	0x8
 745 00b3 08020000 		.4byte	.LASF16
 746 00b7 05       		.uleb128 0x5
 747 00b8 00000000 		.4byte	.LASF17
 748 00bc 02       		.byte	0x2
 749 00bd 4D01     		.2byte	0x14d
 750 00bf C3000000 		.4byte	0xc3
 751 00c3 06       		.uleb128 0x6
 752 00c4 76000000 		.4byte	0x76
 753 00c8 02       		.uleb128 0x2
 754 00c9 04       		.byte	0x4
 755 00ca 07       		.byte	0x7
 756 00cb F1010000 		.4byte	.LASF18
 757 00cf 07       		.uleb128 0x7
 758 00d0 01       		.byte	0x1
 759 00d1 01       		.byte	0x1
 760 00d2 22       		.byte	0x22
 761 00d3 FC000000 		.4byte	0xfc
 762 00d7 08       		.uleb128 0x8
ARM GAS  C:\Users\Bagger\AppData\Local\Temp\ccq0uV1v.s 			page 18


 763 00d8 62000000 		.4byte	.LASF19
 764 00dc 00       		.sleb128 0
 765 00dd 08       		.uleb128 0x8
 766 00de B7010000 		.4byte	.LASF20
 767 00e2 01       		.sleb128 1
 768 00e3 08       		.uleb128 0x8
 769 00e4 0D020000 		.4byte	.LASF21
 770 00e8 02       		.sleb128 2
 771 00e9 08       		.uleb128 0x8
 772 00ea 51020000 		.4byte	.LASF22
 773 00ee 03       		.sleb128 3
 774 00ef 08       		.uleb128 0x8
 775 00f0 87010000 		.4byte	.LASF23
 776 00f4 04       		.sleb128 4
 777 00f5 08       		.uleb128 0x8
 778 00f6 2A010000 		.4byte	.LASF24
 779 00fa 05       		.sleb128 5
 780 00fb 00       		.byte	0
 781 00fc 04       		.uleb128 0x4
 782 00fd 1C000000 		.4byte	.LASF25
 783 0101 01       		.byte	0x1
 784 0102 22       		.byte	0x22
 785 0103 CF000000 		.4byte	0xcf
 786 0107 09       		.uleb128 0x9
 787 0108 1C020000 		.4byte	.LASF30
 788 010c 01       		.byte	0x1
 789 010d 2A       		.byte	0x2a
 790 010e 00000000 		.4byte	.LFB33
 791 0112 8C000000 		.4byte	.LFE33-.LFB33
 792 0116 01       		.uleb128 0x1
 793 0117 9C       		.byte	0x9c
 794 0118 39010000 		.4byte	0x139
 795 011c 0A       		.uleb128 0xa
 796 011d 47020000 		.4byte	.LASF26
 797 0121 01       		.byte	0x1
 798 0122 3B       		.byte	0x3b
 799 0123 76000000 		.4byte	0x76
 800 0127 02       		.uleb128 0x2
 801 0128 91       		.byte	0x91
 802 0129 70       		.sleb128 -16
 803 012a 0A       		.uleb128 0xa
 804 012b 48000000 		.4byte	.LASF27
 805 012f 01       		.byte	0x1
 806 0130 3C       		.byte	0x3c
 807 0131 76000000 		.4byte	0x76
 808 0135 02       		.uleb128 0x2
 809 0136 91       		.byte	0x91
 810 0137 74       		.sleb128 -12
 811 0138 00       		.byte	0
 812 0139 0B       		.uleb128 0xb
 813 013a 06000000 		.4byte	.LASF28
 814 013e 01       		.byte	0x1
 815 013f 4A       		.byte	0x4a
 816 0140 00000000 		.4byte	.LFB34
 817 0144 1C000000 		.4byte	.LFE34-.LFB34
 818 0148 01       		.uleb128 0x1
 819 0149 9C       		.byte	0x9c
ARM GAS  C:\Users\Bagger\AppData\Local\Temp\ccq0uV1v.s 			page 19


 820 014a 0B       		.uleb128 0xb
 821 014b E0010000 		.4byte	.LASF29
 822 014f 01       		.byte	0x1
 823 0150 52       		.byte	0x52
 824 0151 00000000 		.4byte	.LFB35
 825 0155 38000000 		.4byte	.LFE35-.LFB35
 826 0159 01       		.uleb128 0x1
 827 015a 9C       		.byte	0x9c
 828 015b 09       		.uleb128 0x9
 829 015c A8010000 		.4byte	.LASF31
 830 0160 01       		.byte	0x1
 831 0161 5B       		.byte	0x5b
 832 0162 00000000 		.4byte	.LFB36
 833 0166 E4010000 		.4byte	.LFE36-.LFB36
 834 016a 01       		.uleb128 0x1
 835 016b 9C       		.byte	0x9c
 836 016c 89010000 		.4byte	0x189
 837 0170 0C       		.uleb128 0xc
 838 0171 8C010000 		.4byte	.LBB2
 839 0175 30000000 		.4byte	.LBE2-.LBB2
 840 0179 0A       		.uleb128 0xa
 841 017a 5E010000 		.4byte	.LASF32
 842 017e 01       		.byte	0x1
 843 017f AD       		.byte	0xad
 844 0180 6B000000 		.4byte	0x6b
 845 0184 02       		.uleb128 0x2
 846 0185 91       		.byte	0x91
 847 0186 77       		.sleb128 -9
 848 0187 00       		.byte	0
 849 0188 00       		.byte	0
 850 0189 09       		.uleb128 0x9
 851 018a 38000000 		.4byte	.LASF33
 852 018e 01       		.byte	0x1
 853 018f BA       		.byte	0xba
 854 0190 00000000 		.4byte	.LFB37
 855 0194 84000000 		.4byte	.LFE37-.LFB37
 856 0198 01       		.uleb128 0x1
 857 0199 9C       		.byte	0x9c
 858 019a B5010000 		.4byte	0x1b5
 859 019e 0C       		.uleb128 0xc
 860 019f 24000000 		.4byte	.LBB3
 861 01a3 46000000 		.4byte	.LBE3-.LBB3
 862 01a7 0D       		.uleb128 0xd
 863 01a8 6900     		.ascii	"i\000"
 864 01aa 01       		.byte	0x1
 865 01ab C4       		.byte	0xc4
 866 01ac 6B000000 		.4byte	0x6b
 867 01b0 02       		.uleb128 0x2
 868 01b1 91       		.byte	0x91
 869 01b2 77       		.sleb128 -9
 870 01b3 00       		.byte	0
 871 01b4 00       		.byte	0
 872 01b5 0E       		.uleb128 0xe
 873 01b6 93010000 		.4byte	.LASF34
 874 01ba 01       		.byte	0x1
 875 01bb 19       		.byte	0x19
 876 01bc 97000000 		.4byte	0x97
ARM GAS  C:\Users\Bagger\AppData\Local\Temp\ccq0uV1v.s 			page 20


 877 01c0 05       		.uleb128 0x5
 878 01c1 03       		.byte	0x3
 879 01c2 00000000 		.4byte	tempTemp
 880 01c6 0F       		.uleb128 0xf
 881 01c7 8C000000 		.4byte	0x8c
 882 01cb D6010000 		.4byte	0x1d6
 883 01cf 10       		.uleb128 0x10
 884 01d0 C8000000 		.4byte	0xc8
 885 01d4 05       		.byte	0x5
 886 01d5 00       		.byte	0
 887 01d6 0E       		.uleb128 0xe
 888 01d7 10000000 		.4byte	.LASF35
 889 01db 01       		.byte	0x1
 890 01dc 1A       		.byte	0x1a
 891 01dd C6010000 		.4byte	0x1c6
 892 01e1 05       		.uleb128 0x5
 893 01e2 03       		.byte	0x3
 894 01e3 00000000 		.4byte	tempSoilHum
 895 01e7 0E       		.uleb128 0xe
 896 01e8 79010000 		.4byte	.LASF36
 897 01ec 01       		.byte	0x1
 898 01ed 23       		.byte	0x23
 899 01ee F8010000 		.4byte	0x1f8
 900 01f2 05       		.uleb128 0x5
 901 01f3 03       		.byte	0x3
 902 01f4 00000000 		.4byte	theState
 903 01f8 06       		.uleb128 0x6
 904 01f9 FC000000 		.4byte	0xfc
 905 01fd 0E       		.uleb128 0xe
 906 01fe 69010000 		.4byte	.LASF37
 907 0202 01       		.byte	0x1
 908 0203 24       		.byte	0x24
 909 0204 0E020000 		.4byte	0x20e
 910 0208 05       		.uleb128 0x5
 911 0209 03       		.byte	0x3
 912 020a 00000000 		.4byte	irrigationIndex
 913 020e 06       		.uleb128 0x6
 914 020f 81000000 		.4byte	0x81
 915 0213 0E       		.uleb128 0xe
 916 0214 82010000 		.4byte	.LASF38
 917 0218 01       		.byte	0x1
 918 0219 25       		.byte	0x25
 919 021a 6B000000 		.4byte	0x6b
 920 021e 05       		.uleb128 0x5
 921 021f 03       		.byte	0x3
 922 0220 00000000 		.4byte	buff
 923 0224 0E       		.uleb128 0xe
 924 0225 E9010000 		.4byte	.LASF39
 925 0229 01       		.byte	0x1
 926 022a 26       		.byte	0x26
 927 022b 6B000000 		.4byte	0x6b
 928 022f 05       		.uleb128 0x5
 929 0230 03       		.byte	0x3
 930 0231 00000000 		.4byte	uartInt
 931 0235 0E       		.uleb128 0xe
 932 0236 67000000 		.4byte	.LASF40
 933 023a 01       		.byte	0x1
ARM GAS  C:\Users\Bagger\AppData\Local\Temp\ccq0uV1v.s 			page 21


 934 023b 27       		.byte	0x27
 935 023c 6B000000 		.4byte	0x6b
 936 0240 05       		.uleb128 0x5
 937 0241 03       		.byte	0x3
 938 0242 00000000 		.4byte	timerInt
 939 0246 00       		.byte	0
 940              		.section	.debug_abbrev,"",%progbits
 941              	.Ldebug_abbrev0:
 942 0000 01       		.uleb128 0x1
 943 0001 11       		.uleb128 0x11
 944 0002 01       		.byte	0x1
 945 0003 25       		.uleb128 0x25
 946 0004 0E       		.uleb128 0xe
 947 0005 13       		.uleb128 0x13
 948 0006 0B       		.uleb128 0xb
 949 0007 03       		.uleb128 0x3
 950 0008 0E       		.uleb128 0xe
 951 0009 1B       		.uleb128 0x1b
 952 000a 0E       		.uleb128 0xe
 953 000b 55       		.uleb128 0x55
 954 000c 17       		.uleb128 0x17
 955 000d 11       		.uleb128 0x11
 956 000e 01       		.uleb128 0x1
 957 000f 10       		.uleb128 0x10
 958 0010 17       		.uleb128 0x17
 959 0011 00       		.byte	0
 960 0012 00       		.byte	0
 961 0013 02       		.uleb128 0x2
 962 0014 24       		.uleb128 0x24
 963 0015 00       		.byte	0
 964 0016 0B       		.uleb128 0xb
 965 0017 0B       		.uleb128 0xb
 966 0018 3E       		.uleb128 0x3e
 967 0019 0B       		.uleb128 0xb
 968 001a 03       		.uleb128 0x3
 969 001b 0E       		.uleb128 0xe
 970 001c 00       		.byte	0
 971 001d 00       		.byte	0
 972 001e 03       		.uleb128 0x3
 973 001f 24       		.uleb128 0x24
 974 0020 00       		.byte	0
 975 0021 0B       		.uleb128 0xb
 976 0022 0B       		.uleb128 0xb
 977 0023 3E       		.uleb128 0x3e
 978 0024 0B       		.uleb128 0xb
 979 0025 03       		.uleb128 0x3
 980 0026 08       		.uleb128 0x8
 981 0027 00       		.byte	0
 982 0028 00       		.byte	0
 983 0029 04       		.uleb128 0x4
 984 002a 16       		.uleb128 0x16
 985 002b 00       		.byte	0
 986 002c 03       		.uleb128 0x3
 987 002d 0E       		.uleb128 0xe
 988 002e 3A       		.uleb128 0x3a
 989 002f 0B       		.uleb128 0xb
 990 0030 3B       		.uleb128 0x3b
ARM GAS  C:\Users\Bagger\AppData\Local\Temp\ccq0uV1v.s 			page 22


 991 0031 0B       		.uleb128 0xb
 992 0032 49       		.uleb128 0x49
 993 0033 13       		.uleb128 0x13
 994 0034 00       		.byte	0
 995 0035 00       		.byte	0
 996 0036 05       		.uleb128 0x5
 997 0037 16       		.uleb128 0x16
 998 0038 00       		.byte	0
 999 0039 03       		.uleb128 0x3
 1000 003a 0E       		.uleb128 0xe
 1001 003b 3A       		.uleb128 0x3a
 1002 003c 0B       		.uleb128 0xb
 1003 003d 3B       		.uleb128 0x3b
 1004 003e 05       		.uleb128 0x5
 1005 003f 49       		.uleb128 0x49
 1006 0040 13       		.uleb128 0x13
 1007 0041 00       		.byte	0
 1008 0042 00       		.byte	0
 1009 0043 06       		.uleb128 0x6
 1010 0044 35       		.uleb128 0x35
 1011 0045 00       		.byte	0
 1012 0046 49       		.uleb128 0x49
 1013 0047 13       		.uleb128 0x13
 1014 0048 00       		.byte	0
 1015 0049 00       		.byte	0
 1016 004a 07       		.uleb128 0x7
 1017 004b 04       		.uleb128 0x4
 1018 004c 01       		.byte	0x1
 1019 004d 0B       		.uleb128 0xb
 1020 004e 0B       		.uleb128 0xb
 1021 004f 3A       		.uleb128 0x3a
 1022 0050 0B       		.uleb128 0xb
 1023 0051 3B       		.uleb128 0x3b
 1024 0052 0B       		.uleb128 0xb
 1025 0053 01       		.uleb128 0x1
 1026 0054 13       		.uleb128 0x13
 1027 0055 00       		.byte	0
 1028 0056 00       		.byte	0
 1029 0057 08       		.uleb128 0x8
 1030 0058 28       		.uleb128 0x28
 1031 0059 00       		.byte	0
 1032 005a 03       		.uleb128 0x3
 1033 005b 0E       		.uleb128 0xe
 1034 005c 1C       		.uleb128 0x1c
 1035 005d 0D       		.uleb128 0xd
 1036 005e 00       		.byte	0
 1037 005f 00       		.byte	0
 1038 0060 09       		.uleb128 0x9
 1039 0061 2E       		.uleb128 0x2e
 1040 0062 01       		.byte	0x1
 1041 0063 3F       		.uleb128 0x3f
 1042 0064 19       		.uleb128 0x19
 1043 0065 03       		.uleb128 0x3
 1044 0066 0E       		.uleb128 0xe
 1045 0067 3A       		.uleb128 0x3a
 1046 0068 0B       		.uleb128 0xb
 1047 0069 3B       		.uleb128 0x3b
ARM GAS  C:\Users\Bagger\AppData\Local\Temp\ccq0uV1v.s 			page 23


 1048 006a 0B       		.uleb128 0xb
 1049 006b 27       		.uleb128 0x27
 1050 006c 19       		.uleb128 0x19
 1051 006d 11       		.uleb128 0x11
 1052 006e 01       		.uleb128 0x1
 1053 006f 12       		.uleb128 0x12
 1054 0070 06       		.uleb128 0x6
 1055 0071 40       		.uleb128 0x40
 1056 0072 18       		.uleb128 0x18
 1057 0073 9642     		.uleb128 0x2116
 1058 0075 19       		.uleb128 0x19
 1059 0076 01       		.uleb128 0x1
 1060 0077 13       		.uleb128 0x13
 1061 0078 00       		.byte	0
 1062 0079 00       		.byte	0
 1063 007a 0A       		.uleb128 0xa
 1064 007b 34       		.uleb128 0x34
 1065 007c 00       		.byte	0
 1066 007d 03       		.uleb128 0x3
 1067 007e 0E       		.uleb128 0xe
 1068 007f 3A       		.uleb128 0x3a
 1069 0080 0B       		.uleb128 0xb
 1070 0081 3B       		.uleb128 0x3b
 1071 0082 0B       		.uleb128 0xb
 1072 0083 49       		.uleb128 0x49
 1073 0084 13       		.uleb128 0x13
 1074 0085 02       		.uleb128 0x2
 1075 0086 18       		.uleb128 0x18
 1076 0087 00       		.byte	0
 1077 0088 00       		.byte	0
 1078 0089 0B       		.uleb128 0xb
 1079 008a 2E       		.uleb128 0x2e
 1080 008b 00       		.byte	0
 1081 008c 3F       		.uleb128 0x3f
 1082 008d 19       		.uleb128 0x19
 1083 008e 03       		.uleb128 0x3
 1084 008f 0E       		.uleb128 0xe
 1085 0090 3A       		.uleb128 0x3a
 1086 0091 0B       		.uleb128 0xb
 1087 0092 3B       		.uleb128 0x3b
 1088 0093 0B       		.uleb128 0xb
 1089 0094 27       		.uleb128 0x27
 1090 0095 19       		.uleb128 0x19
 1091 0096 11       		.uleb128 0x11
 1092 0097 01       		.uleb128 0x1
 1093 0098 12       		.uleb128 0x12
 1094 0099 06       		.uleb128 0x6
 1095 009a 40       		.uleb128 0x40
 1096 009b 18       		.uleb128 0x18
 1097 009c 9642     		.uleb128 0x2116
 1098 009e 19       		.uleb128 0x19
 1099 009f 00       		.byte	0
 1100 00a0 00       		.byte	0
 1101 00a1 0C       		.uleb128 0xc
 1102 00a2 0B       		.uleb128 0xb
 1103 00a3 01       		.byte	0x1
 1104 00a4 11       		.uleb128 0x11
ARM GAS  C:\Users\Bagger\AppData\Local\Temp\ccq0uV1v.s 			page 24


 1105 00a5 01       		.uleb128 0x1
 1106 00a6 12       		.uleb128 0x12
 1107 00a7 06       		.uleb128 0x6
 1108 00a8 00       		.byte	0
 1109 00a9 00       		.byte	0
 1110 00aa 0D       		.uleb128 0xd
 1111 00ab 34       		.uleb128 0x34
 1112 00ac 00       		.byte	0
 1113 00ad 03       		.uleb128 0x3
 1114 00ae 08       		.uleb128 0x8
 1115 00af 3A       		.uleb128 0x3a
 1116 00b0 0B       		.uleb128 0xb
 1117 00b1 3B       		.uleb128 0x3b
 1118 00b2 0B       		.uleb128 0xb
 1119 00b3 49       		.uleb128 0x49
 1120 00b4 13       		.uleb128 0x13
 1121 00b5 02       		.uleb128 0x2
 1122 00b6 18       		.uleb128 0x18
 1123 00b7 00       		.byte	0
 1124 00b8 00       		.byte	0
 1125 00b9 0E       		.uleb128 0xe
 1126 00ba 34       		.uleb128 0x34
 1127 00bb 00       		.byte	0
 1128 00bc 03       		.uleb128 0x3
 1129 00bd 0E       		.uleb128 0xe
 1130 00be 3A       		.uleb128 0x3a
 1131 00bf 0B       		.uleb128 0xb
 1132 00c0 3B       		.uleb128 0x3b
 1133 00c1 0B       		.uleb128 0xb
 1134 00c2 49       		.uleb128 0x49
 1135 00c3 13       		.uleb128 0x13
 1136 00c4 3F       		.uleb128 0x3f
 1137 00c5 19       		.uleb128 0x19
 1138 00c6 02       		.uleb128 0x2
 1139 00c7 18       		.uleb128 0x18
 1140 00c8 00       		.byte	0
 1141 00c9 00       		.byte	0
 1142 00ca 0F       		.uleb128 0xf
 1143 00cb 01       		.uleb128 0x1
 1144 00cc 01       		.byte	0x1
 1145 00cd 49       		.uleb128 0x49
 1146 00ce 13       		.uleb128 0x13
 1147 00cf 01       		.uleb128 0x1
 1148 00d0 13       		.uleb128 0x13
 1149 00d1 00       		.byte	0
 1150 00d2 00       		.byte	0
 1151 00d3 10       		.uleb128 0x10
 1152 00d4 21       		.uleb128 0x21
 1153 00d5 00       		.byte	0
 1154 00d6 49       		.uleb128 0x49
 1155 00d7 13       		.uleb128 0x13
 1156 00d8 2F       		.uleb128 0x2f
 1157 00d9 0B       		.uleb128 0xb
 1158 00da 00       		.byte	0
 1159 00db 00       		.byte	0
 1160 00dc 00       		.byte	0
 1161              		.section	.debug_aranges,"",%progbits
ARM GAS  C:\Users\Bagger\AppData\Local\Temp\ccq0uV1v.s 			page 25


 1162 0000 3C000000 		.4byte	0x3c
 1163 0004 0200     		.2byte	0x2
 1164 0006 00000000 		.4byte	.Ldebug_info0
 1165 000a 04       		.byte	0x4
 1166 000b 00       		.byte	0
 1167 000c 0000     		.2byte	0
 1168 000e 0000     		.2byte	0
 1169 0010 00000000 		.4byte	.LFB33
 1170 0014 8C000000 		.4byte	.LFE33-.LFB33
 1171 0018 00000000 		.4byte	.LFB34
 1172 001c 1C000000 		.4byte	.LFE34-.LFB34
 1173 0020 00000000 		.4byte	.LFB35
 1174 0024 38000000 		.4byte	.LFE35-.LFB35
 1175 0028 00000000 		.4byte	.LFB36
 1176 002c E4010000 		.4byte	.LFE36-.LFB36
 1177 0030 00000000 		.4byte	.LFB37
 1178 0034 84000000 		.4byte	.LFE37-.LFB37
 1179 0038 00000000 		.4byte	0
 1180 003c 00000000 		.4byte	0
 1181              		.section	.debug_ranges,"",%progbits
 1182              	.Ldebug_ranges0:
 1183 0000 00000000 		.4byte	.LFB33
 1184 0004 8C000000 		.4byte	.LFE33
 1185 0008 00000000 		.4byte	.LFB34
 1186 000c 1C000000 		.4byte	.LFE34
 1187 0010 00000000 		.4byte	.LFB35
 1188 0014 38000000 		.4byte	.LFE35
 1189 0018 00000000 		.4byte	.LFB36
 1190 001c E4010000 		.4byte	.LFE36
 1191 0020 00000000 		.4byte	.LFB37
 1192 0024 84000000 		.4byte	.LFE37
 1193 0028 00000000 		.4byte	0
 1194 002c 00000000 		.4byte	0
 1195              		.section	.debug_line,"",%progbits
 1196              	.Ldebug_line0:
 1197 0000 15010000 		.section	.debug_str,"MS",%progbits,1
 1197      02005000 
 1197      00000201 
 1197      FB0E0D00 
 1197      01010101 
 1198              	.LASF17:
 1199 0000 72656733 		.ascii	"reg32\000"
 1199      3200
 1200              	.LASF28:
 1201 0006 74696D65 		.ascii	"timer_ISR\000"
 1201      725F4953 
 1201      5200
 1202              	.LASF35:
 1203 0010 74656D70 		.ascii	"tempSoilHum\000"
 1203      536F696C 
 1203      48756D00 
 1204              	.LASF25:
 1205 001c 73746174 		.ascii	"state\000"
 1205      6500
 1206              	.LASF42:
 1207 0022 2E5C5053 		.ascii	".\\PSoC_Master_Class.c\000"
 1207      6F435F4D 
ARM GAS  C:\Users\Bagger\AppData\Local\Temp\ccq0uV1v.s 			page 26


 1207      61737465 
 1207      725F436C 
 1207      6173732E 
 1208              	.LASF33:
 1209 0038 74696D65 		.ascii	"timerIntHandler\000"
 1209      72496E74 
 1209      48616E64 
 1209      6C657200 
 1210              	.LASF27:
 1211 0048 70657269 		.ascii	"period\000"
 1211      6F6400
 1212              	.LASF3:
 1213 004f 73686F72 		.ascii	"short unsigned int\000"
 1213      7420756E 
 1213      7369676E 
 1213      65642069 
 1213      6E7400
 1214              	.LASF19:
 1215 0062 49444C45 		.ascii	"IDLE\000"
 1215      00
 1216              	.LASF40:
 1217 0067 74696D65 		.ascii	"timerInt\000"
 1217      72496E74 
 1217      00
 1218              	.LASF43:
 1219 0070 463A5C44 		.ascii	"F:\\Dropbox\\PRJ3\\LaTeX\\src\\PSoC_Master\\PSoC_Ma"
 1219      726F7062 
 1219      6F785C50 
 1219      524A335C 
 1219      4C615465 
 1220 009d 73746572 		.ascii	"ster.cydsn\000"
 1220      2E637964 
 1220      736E00
 1221              	.LASF14:
 1222 00a8 666C6F61 		.ascii	"float\000"
 1222      7400
 1223              	.LASF41:
 1224 00ae 474E5520 		.ascii	"GNU C 4.8.4 20140526 (release) [ARM/embedded-4_8-br"
 1224      4320342E 
 1224      382E3420 
 1224      32303134 
 1224      30353236 
 1225 00e1 616E6368 		.ascii	"anch revision 211358] -mcpu=cortex-m0 -mthumb -g -O"
 1225      20726576 
 1225      6973696F 
 1225      6E203231 
 1225      31333538 
 1226 0114 30202D66 		.ascii	"0 -ffunction-sections\000"
 1226      66756E63 
 1226      74696F6E 
 1226      2D736563 
 1226      74696F6E 
 1227              	.LASF24:
 1228 012a 52455350 		.ascii	"RESP_SOIL_HUM\000"
 1228      5F534F49 
 1228      4C5F4855 
 1228      4D00
ARM GAS  C:\Users\Bagger\AppData\Local\Temp\ccq0uV1v.s 			page 27


 1229              	.LASF1:
 1230 0138 756E7369 		.ascii	"unsigned char\000"
 1230      676E6564 
 1230      20636861 
 1230      7200
 1231              	.LASF12:
 1232 0146 696E7431 		.ascii	"int16\000"
 1232      3600
 1233              	.LASF5:
 1234 014c 6C6F6E67 		.ascii	"long unsigned int\000"
 1234      20756E73 
 1234      69676E65 
 1234      6420696E 
 1234      7400
 1235              	.LASF32:
 1236 015e 74656D70 		.ascii	"temp\000"
 1236      00
 1237              	.LASF13:
 1238 0163 696E7433 		.ascii	"int32\000"
 1238      3200
 1239              	.LASF37:
 1240 0169 69727269 		.ascii	"irrigationIndex\000"
 1240      67617469 
 1240      6F6E496E 
 1240      64657800 
 1241              	.LASF36:
 1242 0179 74686553 		.ascii	"theState\000"
 1242      74617465 
 1242      00
 1243              	.LASF38:
 1244 0182 62756666 		.ascii	"buff\000"
 1244      00
 1245              	.LASF23:
 1246 0187 41444A49 		.ascii	"ADJI\000"
 1246      00
 1247              	.LASF15:
 1248 018c 646F7562 		.ascii	"double\000"
 1248      6C6500
 1249              	.LASF34:
 1250 0193 74656D70 		.ascii	"tempTemp\000"
 1250      54656D70 
 1250      00
 1251              	.LASF11:
 1252 019c 696E7438 		.ascii	"int8\000"
 1252      00
 1253              	.LASF10:
 1254 01a1 75696E74 		.ascii	"uint32\000"
 1254      333200
 1255              	.LASF31:
 1256 01a8 75617274 		.ascii	"uartIntHandler\000"
 1256      496E7448 
 1256      616E646C 
 1256      657200
 1257              	.LASF20:
 1258 01b7 41444A57 		.ascii	"ADJW\000"
 1258      00
 1259              	.LASF8:
ARM GAS  C:\Users\Bagger\AppData\Local\Temp\ccq0uV1v.s 			page 28


 1260 01bc 756E7369 		.ascii	"unsigned int\000"
 1260      676E6564 
 1260      20696E74 
 1260      00
 1261              	.LASF7:
 1262 01c9 6C6F6E67 		.ascii	"long long unsigned int\000"
 1262      206C6F6E 
 1262      6720756E 
 1262      7369676E 
 1262      65642069 
 1263              	.LASF29:
 1264 01e0 55415254 		.ascii	"UART_ISR\000"
 1264      5F495352 
 1264      00
 1265              	.LASF39:
 1266 01e9 75617274 		.ascii	"uartInt\000"
 1266      496E7400 
 1267              	.LASF18:
 1268 01f1 73697A65 		.ascii	"sizetype\000"
 1268      74797065 
 1268      00
 1269              	.LASF6:
 1270 01fa 6C6F6E67 		.ascii	"long long int\000"
 1270      206C6F6E 
 1270      6720696E 
 1270      7400
 1271              	.LASF16:
 1272 0208 63686172 		.ascii	"char\000"
 1272      00
 1273              	.LASF21:
 1274 020d 41444A48 		.ascii	"ADJH\000"
 1274      00
 1275              	.LASF2:
 1276 0212 73686F72 		.ascii	"short int\000"
 1276      7420696E 
 1276      7400
 1277              	.LASF30:
 1278 021c 696E6974 		.ascii	"initPSoC_Master\000"
 1278      50536F43 
 1278      5F4D6173 
 1278      74657200 
 1279              	.LASF9:
 1280 022c 75696E74 		.ascii	"uint8\000"
 1280      3800
 1281              	.LASF4:
 1282 0232 6C6F6E67 		.ascii	"long int\000"
 1282      20696E74 
 1282      00
 1283              	.LASF0:
 1284 023b 7369676E 		.ascii	"signed char\000"
 1284      65642063 
 1284      68617200 
 1285              	.LASF26:
 1286 0247 6D617850 		.ascii	"maxPeriod\000"
 1286      6572696F 
 1286      6400
 1287              	.LASF22:
ARM GAS  C:\Users\Bagger\AppData\Local\Temp\ccq0uV1v.s 			page 29


 1288 0251 41444A56 		.ascii	"ADJV\000"
 1288      00
 1289              		.ident	"GCC: (GNU Tools for ARM Embedded Processors) 4.8.4 20140526 (release) [ARM/embedded-4_8-br
